44783832945351238
1682357787092496
53648026146796601
57854388663478635
31367463669264859
33605257618940406
50096538058849376
25623530571553862
774593202828317
10809849068678013
37654489930293263
48509187604603854
40665330685929528
7696497786986365
14325366036636922
30619972172071902
14990458764367742
22577517877412355
49975065523970146
42204990402002252
11978448174167380
38259496462165811
10499976030293176
2035507404244266
5269343479454674
51275913615053239
20429005717326390
35625476451413527
35579782753520686
29425441716685222
51833669221081710
4835901825518576
28500730751799238
641164202198026
4115162212456258
625853490786385
44988506330025819
5451532186089991
39588305848090763
6911896240866965
40959386814324099
27329776225864804
17658966361220716
3255947181759477
30798668496189872
58160427202263439
16556874824207967
50146895620632518
2761942684566008
1670823661686829
7249052955370533
43565781060055125
6020373435466949
22299971394157873
14336236021721136
37460699131495616
4319339905172002
2528363303067711
17602577149906137
23214368832607556
20585530030438736
27668715134279463
8484526002116055
36886159778201923
1923615302808084
29041242708013047
1444406724509190
35136452815661613
145877016643679
37130625522461584
23844146749936041
50775287004832323
11852195083656461
53055847903576917
16087202617715824
40668931606880229
31855080911471242
18675846118583272
29242736000178101
47839909420218320
19154602837140923
1863188744356577
47398981177854106
37898741020338357
15624665618120950
31943055778908893
21907764286745219
19503091365400915
56510682213021826
11596371589224941
10524951336606120
25515095824118852
34708362770250975
1473703534328640
39069807479900887
23433105169347832
25384885801566612
1042302712199360
5662926245942672
28952212017289437
33744649489903589
25475117551561330
52452686429896739
13824925003956444
34504185593881385
11887790947595387
52999896220434557
26243215766894501
847137237733412
47904690854631586
47434455554310913
28673101177356846
58153444523072646
6635700425728857
11800855030333400
22777471519044547
21249769410811562
34164834208945068
4939149300285828
39069002007163213
5635326577398623
36945463723305433
23813943511570164
39932355744177968
22792408463164196
48310102869355030
40479810995744182
32422881072080656
29924867363960929
25908500871098736
15997561482780138
19460657411455575
50718548916254949
3350754409629514
50318644564247210
17968616087206415
15305981364380702
21723141061314026
32447351807265544
7761608872452597
28105868627746579
46404925335418674
55932868191061752
35842405425675462
1402458998814102
44757195390467653
26455632907131614
35224699231235797
49531077506920633
11547017703836225
17402678957738192
35753408138395196
2788441040169815
38091825397886790
22555252560451509
14528159176934238
52172339400757034
25250472511471171
54320381402736610
11565475634711386
3145341479582478
24414183498597925
41735636969886593
27753717651976757
26222649290712206
8287261516908316
5057347972135301
45890899505564227
16045624016638743
35359690481419925
15651629629197814
45154002718487589
4469125164496036
10533699107624634
21229361532099635
53783294958481823
30438563068518946
27919144467373016
37619245069185873
40517807862433692
16142779314825563
41618160931268931
34391339754735643
45995273082701562
45250914639399546
23735492846614612
12189718463236860
32424424872202842
22037337932497096
16492059604971486
11236476434492360
6986767088129718
18121906639511091
4893267511830838
27531646904535676
57441219195850387
18727337992180893
36633238968230666
51485654657890550
9056694420434765
57596267297195936
53152418724511818
12632057909652505
37179261929759612
56865028814833399
31736097999812847
45224720087514360
45753267123678098
44205238064955801
24257394687818896
9456629023823616
40378512061085964
59147077571899115
4367377582347520
35020337246817341
14650384562987418
43524097094514560
53574680468100320
26899933880031827
35167490413508789
40853639161342718
34058928011586619
28384672399621501
8943094855806381
41693535672781738
16627309188356522
43119562220199007
50435130478893941
37917738106296805
16151572259174553
26843202957789774
33764528553984963
56793626562360111
11249651985782752
5301077896981830
43497502957090887
38581190941754336
52632415730317299
4481459601826192
40799408320096351
53082154954179710
53400944463670610
26240877333408241
32056136059175936
52116256596203886
39714253914679246
48468955774018147
34121773157561985
3313739777247402
13155252045348081
36239872278800041
55564087616200725
37425896030883648
57105762914378671
23689419817473108
31873001480103642
30732932871413110
32029960788719230
19082190837329944
56554632401570706
49189659898050640
47935258086045394
18655508644362732
47382363534913526
40836768688096456
26659890674938484
3570001492329299
31767352705611180
18998764022434965
21032819793768874
45847342313244215
27821952848999420
24727622789601995
25814984131756481
7000831515406520
41113084333727231
31052792788625169
41906595562250352
58644683036359396
46534196113299842
3615630772744383
46356478810827432
49290192836829750
15860724867719420
46564892234222254
52869890875100314
7487618726144596
44169541031665698
49796297220728934
42768002099665321
16591269098060629
26970782134071113
25142118673904106
3599171569422571
12810714106988318
11309534637405887
56434368355236409
4164093384865612
17951049261034720
14562750092542686
40810277990780107
8914233005009288
27565971550783658
47445275079464926
14171943876755615
50390912938996496
17435175104860297
30963875512479835
306987377249436
30350941649867917
33538270698974481
25994813911853019
37812922764167885
2025160954664472
17953958913302423
7533867389114336
35506220734994236
45622893147896139
33817487965800472
14903365221904271
30426707676411413
23893763970295152
51556713975517106
16731285407514392
23377610867836531
12987183781884832
12459718787806875
44898512910663004
57040841261542370
21462211722916909
15751460176371064
36073231062017397
1384952082563304
42400199799589421
17597299024328179
43242346766302350
7335945077049069
21649233440416113
36324662360613682
8191213495462945
9912802298907369
17148430885743394
28440159807506742
13926014667151431
21026809365591323
17960637705423095
14627948370087993
57375847236903790
56713714430658591
18424000130425446
50404529523200569
57093730320298596
7088646164853210
52895664849831625
46971510941738783
13079792438581394
20706232182844077
36697331501075857
18312583470343000
45822412378198547
47379141389262730
19281940634886628
12567484256412673
7663168788714065
11604904264544409
29713129714267678
37226151028300221
15810676591596705
54293103790093902
30213347336550326
30106619324018159
19309977609710591
8585844495510013
31745851868141962
57259839463961368
13916758969328414
42264510804900953
25710327553436100
32621401917443811
17468966429237799
6205150866148104
47866432762789568
19007350525689987
57718384729033460
28100958611498670
48521025929150893
59138698482501264
6487789620834199
21168457284286056
8638199336299177
3335336701807963
34098231044505709
56634115038093148
7822200194395760
6094102133218978
6618143830520959
22855079390036294
46340569932087090
23832182091298113
21965011996228448
1285966152721189
57637127336453687
55095450064801002
11297646794243878
39170511153117746
30924678111900848
18416976959424235
47164976314697966
58455274834411372
26021315331720482
11075076137513213
15966330102906727
18319574431959517
29394087562945277
2302025814634085
45846168508867951
36922994932227723
58265162881658889
38554758204011076
42973352413050160
47612134878473081
12002744129567569
5182765611963858
25316812573606239
14144640830659219
45953331193167886
48275811601696574
26522205914385653
27769863168605042
56042198947166473
40254124987264664
40282021863288726
17372430936239612
37706142455164596
58916423482625602
25084863094176101
47829106549301965
58174367891866171
43896225426999886
48558043682106306
37008363224010989
18666931701185065
38796358606056904
36511369979687699
475544332147752
58546469937513246
33343502766982950
53821112302864677
10587019181469034
41831956558375156
22435259115985738
30141216672988428
58322172490158258
46677896945294523
19279217341486884
39515651936560685
14761419854166365
54611940800983780
38660929819425395
26814492201625671
2158360090093039
23998051095327280
36871183086653158
28927485814442924
54922011614182011
17198019974589646
1912943817185381
59367335385503677
31150162914884622
48009689631572076
43429508199787935
19174623448279329
6986403748482691
39353765550906330
3833178498544275
33806801658383303
10174202814597440
52986028385626638
24367467924255105
19889435860413393
53432541192321618
40495944266948191
51142099791323992
35943548512662611
24570298215689157
17191846528100100
32917294086913550
26022755241736711
53965719309372680
28132598133709590
32239699848120879
38330692882595311
35890771126199362
28042503648872384
8442038885032294
48953422784082917
43797194943104452
29048246075005094
18332006330765115
54325714846660670
47032526328147749
46026032972279329
56482191250870571
16730871919624288
45792014562645733
12703712170322617
56575785865748198
23643715623275600
35394254221391538
52239806875381829
24976939276456485
33022652648721353
39848884731821120
28175927911380843
51151063476397886
36371286887948010
23990738026100221
1826794052725842
14136652786083298
5263147206993260
49969760100748968
173885316050693
43089829215327705
32496419528398479
41777005467758348
36384152860160206
22952561185145537
55343514183796173
57056490558932510
37154899205332847
46655815818991166
59253002179681536
54684412085876515
47207542669763539
38390346002809527
9766495086928700
174544044995349
36174491317643250
48366245593239737
8644143440049698
32519308823539562
30937208081000975
36586333170675310
27082607086772346
435201545334772
14757893160795641
26564165163686797
54295884124925815
3079846441372965
48228737022047804
44819501552957758
21327823989065264
8381270254081933
29034471850533557
5641060271431161
13303819848493804
54347172404742771
32381606644154375
57607195999293255
23802063338945734
34533731840633351
55947274996814342
56977240456779974
17230362568724364
41255948373430019
44747394295748072
33217285193445224
52910060076312583
15816324273717338
13104941079239800
18565423325008926
22215048509607161
9106332377443582
9037503619944848
33720516261719552
52300413969364750
7261418357431762
52615739898287684
36527303116607253
46124381903895606
4618646824016334
15215423784498958
36769751051627550
40418273561519540
9627088419193580
20428810418567371
36887870882209934
4325649353666287
6407512060898277
16743978471312397
16655919500328344
22903587926430706
42749832027643809
57813345665384228
24319078342731453
34195929474626553
31710501667636333
56436725338191903
45729432376941544
7096046391258642
4968440506624067
15972293451323965
8414517969283790
5778331680935295
54099069399210675
48665705336652868
24260658339953945
16279985496988595
32102678599653496
48068908921713929
25434989917292856
25826078905171642
9460969683638038
32704342422774031
48810728432811310
25119507801294829
45706465322818907
10685732228995750
46551563773013547
26553259293695234
44870790863651150
46624633286482734
59246429277498845
16260142142698204
58458579284441178
5890753078982100
4303750159541246
24419009852783552
39221513654729747
42591892374453630
19497319223592711
16441933355218578
26771991813462759
19064647218544440
31889880934790838
29676634782401328
45470208112196622
32387731379327214
9061541994909080
16826547238791493
436708893934359
46455169719504235
2636567258527414
58146914947639699
37392027107263351
56041712116399987
56415851049216098
29130899043372590
44260030202420947
3276920185131767
49644925586820795
43850935412038518
13425763139130128
18017164941446027
29958194813151699
41067044889456146
12738336246284057
34029034835038099
27692795631520552
43787753358554082
56991743144825048
15120889664365953
47326086012395497
16054651522196510
48494101267139905
14131664242230640
3362394942677955
18194047491092886
19786412761450451
57735314707801150
1481128875723624
15498636884847801
51278954543376944
57748558449274082
2961150584136289
33141812118951623
18343228570739909
21132765907352678
20058114129319526
10234974695108376
4246916171435237
36814314329198838
9686573302749860
49388832092169866
9530989890075766
53798848868439108
31034847195054968
10517182605668526
41563790055139662
30389101600557462
45661864056120876
21379449413874096
58181232161502065
12567042916828212
33084897790576773
6966579922087222
44704235846863517
59225746466069745
44483090416682384
1071085006598643
41035630154705357
25597137981597438
44396955988531297
32108917309420270
50943253134048644
54386525783763253
31129236463573210
49664853059514400
10860641299446833
11123748358285362
22625185109906189
7666195623890998
51889358605238566
10792486442097935
40697246511189452
38097089133657464
30901529084151293
33787460307191447
22194602195493920
26415466973983303
42661318761159227
39488376486696392
1372152771826183
28383313753512178
16810064549119519
1090733571690415
54643119307461143
46819883122912995
16676699431227593
11876039932989556
42758475264620156
8639093074631380
10023664233680533
56637948985202170
57039331992316682
13875951774983914
56250155014350577
35616171038435876
34257903676465975
2208245018245807
19856683541308100
53484286883518408
57893912213848669
30638752021800928
14675373289451323
50944845465510096
21065790565164296
28827447408996987
43325599511863041
42881918956001466
33035329622728819
14853388321133979
37037308638359741
40207999759386546
9794086853022734
185019176538778
33159400035424120
14142633232640770
46921725018749152
3559463746922531
23789790266821173
42573049461005882
23500682385318977
56812887199932003
1318735273852346
57092205994814738
44998375851776073
45679654979795263
35943300983719273
53638544791770073
5398010927587316
18977573360337741
27503435421397663
40467040807844661
55463068962145149
44167761230971852
18456139036447239
40415008970744062
45120517044184325
1668133977299999
5095099561938425
40362392553105131
46015228072031149
19530805292519121
34166150582781338
33728255770042509
20536623649105634
41583511384350517
58436532574043497
23201053994162504
25572521537616443
37195245316074990
24810187005849586
10165193855748801
51362791036623324
52220297883078962
11223312980706777
53542212826003727
51231552791298037
47714531597762591
48076448765986146
39823503197156210
6089842816905000
8719009031177710
8880987965665383
29411716231631721
36779132475719840
2915314342881222
37946117505367185
13993371014019139
2955430904236616
31530715774851051
54187128854682810
23515802116223341
36845087747998112
37282594989906984
4166617611380440
25950248903817751
29710419205783683
34036026000519449
39088389760954353
49414043140523829
49443933406035030
21576648876509230
11100964091988441
30309546748206833
3791532199332798
12127482358814937
4465604890225252
30786661231089694
20650228868524261
36444125282255472
17223116499992703
41248978966387716
51296963045791920
42583568502874987
9450845934072933
31404924933090062
38322716023356296
47542069624145891
35397308592064203
54340965382202454
50115838191628944
19109917737205852
43368391668548090
2410893317917959
38045759231155302
32113289264323369
18033143424617703
59040744122864310
11899584079486891
10422405759129276
31849968357939953
30923832344027682
48394101797414372
34090884499652517
37022500754174553
35546498927977519
18568461803913455
31148403821782240
23012554021536170
31910372159796877
3305602366517679
47228673140976352
51300278488791914
22745013550145742
40960567762858296
37404930533676427
52177734950694863
28092593322447841
51488670057112846
57437734237949301
49490045251149679
30299445880633531
7940117262422326
29592882502446298
43753656624361712
14680065359734336
43387512099785793
8653003069524615
17313472605715509
8508080596021315
9938896877944685
11439771566698602
43673239174805617
50566689833458093
12399756977517817
21645206295094934
15576435707619078
20712071042376902
38711974253915095
43729386505004669
50035854463582154
56317604633899377
44692363652991868
39516261200226018
18290711136221175
52086346458816228
6465489975742081
41898632650915851
16326072107162531
18899447272747344
37827937250298226
51219864154848207
6741396408409915
36027790515117670
17535602547601547
51426461642087039
57636680616405239
8757857967065389
28962132186239007
9558260772984038
48816562248469671
49476849187008115
34855949524050293
36696596039632746
20675390671494896
6479834072848987
11867745168789652
583938569754819
22476406718347431
36844950630505409
19531736311222184
9586746031575271
19444359730228477
51811538737375328
56238781519738516
9844415553278138
20588778612780509
16715608252960672
2694106982365484
29221654442484962
854185493631297
52768119351006714
43241687432231479
44771975116427784
47362716690083454
33689085685433061
26856917883095735
52990517288522825
38084294955891905
56253232387461270
2225867759465205
37963019585561640
58096105169441139
12909196444870838
8724050261980521
26300140295676597
30265423133726251
46754922410197390
26270203274665800
49542553930166203
32377187701888492
45964159582253184
52978053215125519
39934142389080773
21338952267200485
19126983126115005
2824069758401227
56963797199778595
58762030335221869
4823704902806682
25047100062463729
51688277138824920
32521398916398990
6525102237301041
33771811836268532
5013716050898687
12645980625183344
54758604714291118
11112536235647187
28894205930669206
5965139994744050
58976502444274209
29689411931290119
52966474360357759
18474312197683318
29926765651684975
42484627858884952
45620641047138380
49784520863727019
41183714013285181
3575212144297793
18346458438886735
37704346231697046
54014554761406583
1306148504883363
41797665535412954
55074238509592941
16812019381776890
59022044047418573
4027939235922728
35238941082933322
59217724192051140
10540937475959234
45415488724141707
13798937691435772
32413329106615581
33847998577025603
10629526874804392
